#
# A fatal error has been detected by the Java Runtime Environment:
#
#  SIGSEGV (0xb) at pc=0x00007f6c89069a7a, pid=4434, tid=0x00007f6c4f8d8700
#
# JRE version: Java(TM) SE Runtime Environment (8.0_111-b14) (build 1.8.0_111-b14)
# Java VM: Java HotSpot(TM) 64-Bit Server VM (25.111-b14 mixed mode linux-amd64 compressed oops)
# Problematic frame:
# v  ~BufferBlob::jni_fast_GetLongField
#
# Failed to write core dump. Core dumps have been disabled. To enable core dumping, try "ulimit -c unlimited" before starting Java again
#
# If you would like to submit a bug report, please visit:
#   http://bugreport.java.com/bugreport/crash.jsp
# The crash happened outside the Java Virtual Machine in native code.
# See problematic frame for where to report the bug.
#

---------------  T H R E A D  ---------------

Current thread (0x00007f6c981b4800):  JavaThread "AWT-XAWT" daemon [_thread_in_native, id=4455, stack(0x00007f6c4f7d8000,0x00007f6c4f8d9000)]

siginfo: si_signo: 11 (SIGSEGV), si_code: 1 (SEGV_MAPERR), si_addr: 0x0000000000000000

Registers:
RAX=0x00007f6c9fdee520, RBX=0x00007f6c981b49f8, RCX=0x00007f6ca08552c0, RDX=0x0000000000000042
RSP=0x00007f6c4f8d7638, RBP=0x00007f6c4f8d7660, RSI=0x0000000000000000, RDI=0x00007f6c981b49f8
R8 =0x00000000ed184f50, R9 =0x0000000000000000, R10=0x0000000000000048, R11=0x00007f6c8938edd8
R12=0x00007f6c3800ee60, R13=0x0000000000000000, R14=0x00007f6c8570f7e0, R15=0x00007f6c981b4800
RIP=0x00007f6c89069a7a, EFLAGS=0x0000000000010246, CSGSFS=0x0000000000000033, ERR=0x0000000000000004
  TRAPNO=0x000000000000000e

Top of Stack: (sp=0x00007f6c4f8d7638)
0x00007f6c4f8d7638:   00007f6c854edee1 00007f6c9ca1c940
0x00007f6c4f8d7648:   00007f6c3800ee60 00007f6c4f8d7710
0x00007f6c4f8d7658:   00007f6c4f8d76e0 0000000000000000
0x00007f6c4f8d7668:   00007f6c84fa83c0 00007f6c9ca1c940
0x00007f6c4f8d7678:   00007f6c4f8d76a0 0000000000000000
0x00007f6c4f8d7688:   00007f6c84f9ff93 00007f6c4f8d7710
0x00007f6c4f8d7698:   00007f6c854e711f 00007f6c4f8d76f0
0x00007f6c4f8d76a8:   00007f6c8938ee76 0000000000000000
0x00007f6c4f8d76b8:   00007f6c891f7d36 00007f6c4f8d7710
0x00007f6c4f8d76c8:   00007f6c89163b2c 00007f6c4f8d7770
0x00007f6c4f8d76d8:   00000000ed2137a8 00000000ed247678
0x00007f6c4f8d76e8:   0000000000000011 00007f6c4f8d7770
0x00007f6c4f8d76f8:   00007f6c89007a90 00007f6c4f8d7770
0x00007f6c4f8d7708:   00007f6c89007a90 0000000000000000
0x00007f6c4f8d7718:   00007f6c89007dd0 00007f6c40002e20
0x00007f6c4f8d7728:   00000000ed212fd0 00007f6c4f8d7730
0x00007f6c4f8d7738:   00007f6c9cb0f544 00007f6c4f8d77b8
0x00007f6c4f8d7748:   00007f6c9cb18518 0000000000000000
0x00007f6c4f8d7758:   00007f6c9cb0f680 00007f6c4f8d7710
0x00007f6c4f8d7768:   00007f6c4f8d77b0 00007f6c4f8d7800
0x00007f6c4f8d7778:   00007f6c890082bd 0000000000000000
0x00007f6c4f8d7788:   00000000ed18f308 0000000000000000
0x00007f6c4f8d7798:   0000000000000000 0000000000000000
0x00007f6c4f8d77a8:   00000000ed212fd0 0000000000000000
0x00007f6c4f8d77b8:   00000000ed2091d0 00007f6c4f8d77c0
0x00007f6c4f8d77c8:   00007f6c9cb0f385 00007f6c4f8d7810
0x00007f6c4f8d77d8:   00007f6c9cb18518 0000000000000000
0x00007f6c4f8d77e8:   00007f6c9cb0f390 00007f6c4f8d77b0
0x00007f6c4f8d77f8:   00007f6c4f8d7810 00007f6c4f8d7858
0x00007f6c4f8d7808:   00007f6c89008302 00000000ed2091d0
0x00007f6c4f8d7818:   00007f6c4f8d7818 00007f6c9c62994b
0x00007f6c4f8d7828:   00007f6c4f8d7868 00007f6c9c6b0fd0 

Instructions: (pc=0x00007f6c89069a7a)
0x00007f6c89069a5a:   00 00 00 00 00 00 44 8b 15 21 45 dc 16 4c 8b ce
0x00007f6c89069a6a:   41 f6 c2 01 0f 85 2e 00 00 00 4d 33 ca 4d 33 ca
0x00007f6c89069a7a:   4d 8b 09 4c 8b da 49 c1 eb 02 4b 8b 04 19 49 bb
0x00007f6c89069a8a:   88 df e2 9f 6c 7f 00 00 4c 33 d8 4c 33 d8 45 3b 

Register to memory mapping:

RAX=0x00007f6c9fdee520: <offset 0xf84520> in /usr/lib/jvm/java-8-oracle/jre/lib/amd64/server/libjvm.so at 0x00007f6c9ee6a000
RBX=0x00007f6c981b49f8 is an unknown value
RCX=0x00007f6ca08552c0: <offset 0x2182c0> in /lib/x86_64-linux-gnu/libpthread.so.0 at 0x00007f6ca063d000
RDX=0x0000000000000042 is an unknown value
RSP=0x00007f6c4f8d7638 is pointing into the stack for thread: 0x00007f6c981b4800
RBP=0x00007f6c4f8d7660 is pointing into the stack for thread: 0x00007f6c981b4800
RSI=0x0000000000000000 is an unknown value
RDI=0x00007f6c981b49f8 is an unknown value
R8 =0x00000000ed184f50 is an oop
sun.util.logging.PlatformLogger$Level 
 - klass: 'sun/util/logging/PlatformLogger$Level'
R9 =0x0000000000000000 is an unknown value
R10=0x0000000000000048 is an unknown value
R11=0x00007f6c8938edd8 is at entry_point+24 in (nmethod*)0x00007f6c8938ec50
R12=0x00007f6c3800ee60 is an unknown value
R13=0x0000000000000000 is an unknown value
R14=0x00007f6c8570f7e0: <offset 0x2587e0> in /usr/lib/jvm/java-8-oracle/jre/lib/amd64/libawt_xawt.so at 0x00007f6c854b7000
R15=0x00007f6c981b4800 is a thread


Stack: [0x00007f6c4f7d8000,0x00007f6c4f8d9000],  sp=0x00007f6c4f8d7638,  free space=1021k
Native frames: (J=compiled Java code, j=interpreted, Vv=VM code, C=native code)
v  ~BufferBlob::jni_fast_GetLongField
C  [libX11.so.6+0x643c0]  _XimServerDestroy+0x70

Java frames: (J=compiled Java code, j=interpreted, Vv=VM code)
J 996  sun.awt.X11.XlibWrapper.XFilterEvent(JJ)Z (0 bytes) @ 0x00007f6c8938ee04 [0x00007f6c8938edc0+0x44]
j  sun.awt.X11.XToolkit.run(Z)V+300
j  sun.awt.X11.XToolkit.run()V+5
j  java.lang.Thread.run()V+11
v  ~StubRoutines::call_stub

---------------  P R O C E S S  ---------------

Java Threads: ( => current thread )
  0x00007f6c60004800 JavaThread "SIGTERM handler" daemon [_thread_blocked, id=8168, stack(0x00007f6c4e328000,0x00007f6c4e429000)]
  0x00007f6c60002800 JavaThread "SIGHUP handler" daemon [_thread_blocked, id=8164, stack(0x00007f6c4e429000,0x00007f6c4e52a000)]
  0x00007f6c30001000 JavaThread "XToolkt-Shutdown-Thread" [_thread_in_vm, id=8150, stack(0x00007f6c4e52a000,0x00007f6c4e62b000)]
  0x00007f6c60001000 JavaThread "SIGTERM handler" daemon [_thread_blocked, id=8149, stack(0x00007f6c4e62b000,0x00007f6c4e72c000)]
  0x00007f6c38016000 JavaThread "TimerQueue" daemon [_thread_blocked, id=4460, stack(0x00007f6c4e92c000,0x00007f6c4ea2d000)]
  0x00007f6c98009800 JavaThread "DestroyJavaVM" [_thread_blocked, id=4440, stack(0x00007f6ca0951000,0x00007f6ca0a52000)]
  0x00007f6c40008800 JavaThread "AWT-EventQueue-0" [_thread_blocked, id=4457, stack(0x00007f6c4ea2d000,0x00007f6c4eb2e000)]
  0x00007f6c98210800 JavaThread "AWT-Shutdown" [_thread_blocked, id=4456, stack(0x00007f6c4f4d7000,0x00007f6c4f5d8000)]
=>0x00007f6c981b4800 JavaThread "AWT-XAWT" daemon [_thread_in_native, id=4455, stack(0x00007f6c4f7d8000,0x00007f6c4f8d9000)]
  0x00007f6c98197000 JavaThread "Java2D Disposer" daemon [_thread_blocked, id=4454, stack(0x00007f6c4fce9000,0x00007f6c4fdea000)]
  0x00007f6c980d2000 JavaThread "Service Thread" daemon [_thread_blocked, id=4452, stack(0x00007f6c85ae3000,0x00007f6c85be4000)]
  0x00007f6c980bc800 JavaThread "C1 CompilerThread2" daemon [_thread_blocked, id=4451, stack(0x00007f6c85be4000,0x00007f6c85ce5000)]
  0x00007f6c980bb000 JavaThread "C2 CompilerThread1" daemon [_thread_blocked, id=4450, stack(0x00007f6c85ce5000,0x00007f6c85de6000)]
  0x00007f6c980b8000 JavaThread "C2 CompilerThread0" daemon [_thread_blocked, id=4449, stack(0x00007f6c85de6000,0x00007f6c85ee7000)]
  0x00007f6c980b6800 JavaThread "Signal Dispatcher" daemon [_thread_blocked, id=4448, stack(0x00007f6c85ee7000,0x00007f6c85fe8000)]
  0x00007f6c98083800 JavaThread "Finalizer" daemon [_thread_blocked, id=4447, stack(0x00007f6c862c0000,0x00007f6c863c1000)]
  0x00007f6c9807f000 JavaThread "Reference Handler" daemon [_thread_blocked, id=4446, stack(0x00007f6c863c1000,0x00007f6c864c2000)]

Other Threads:
  0x00007f6c98077800 VMThread [stack: 0x00007f6c864c2000,0x00007f6c865c3000] [id=4445]
  0x00007f6c980d4800 WatcherThread [stack: 0x00007f6c859e2000,0x00007f6c85ae3000] [id=4453]

VM state:not at safepoint (normal execution)

VM Mutex/Monitor currently owned by a thread:  ([mutex/lock_event])
[0x00007f6c98006350] AdapterHandlerLibrary_lock - owner thread: 0x00007f6c30001000

Heap:
 PSYoungGen      total 18432K, used 9979K [0x00000000ebf80000, 0x00000000ee380000, 0x0000000100000000)
  eden space 15872K, 50% used [0x00000000ebf80000,0x00000000ec75dcc0,0x00000000ecf00000)
  from space 2560K, 75% used [0x00000000ed180000,0x00000000ed361040,0x00000000ed400000)
  to   space 2560K, 0% used [0x00000000ecf00000,0x00000000ecf00000,0x00000000ed180000)
 ParOldGen       total 42496K, used 16K [0x00000000c3e00000, 0x00000000c6780000, 0x00000000ebf80000)
  object space 42496K, 0% used [0x00000000c3e00000,0x00000000c3e04000,0x00000000c6780000)
 Metaspace       used 12134K, capacity 12346K, committed 12544K, reserved 1060864K
  class space    used 1428K, capacity 1509K, committed 1536K, reserved 1048576K

Card table byte_map: [0x00007f6c9d522000,0x00007f6c9d704000] byte_map_base: 0x00007f6c9cf03000

Marking Bits: (ParMarkBitMap*) 0x00007f6c9fe2d220
 Begin Bits: [0x00007f6c871f0000, 0x00007f6c880f8000)
 End Bits:   [0x00007f6c880f8000, 0x00007f6c89000000)

Polling page: 0x00007f6ca0a7c000

CodeCache: size=245760Kb used=3848Kb max_used=3848Kb free=241911Kb
 bounds [0x00007f6c89000000, 0x00007f6c893d0000, 0x00007f6c98000000]
 total_blobs=1611 nmethods=1074 adapters=451
 compilation: enabled

Compilation events (10 events):
Event: 5372.694 Thread 0x00007f6c980bc800 1073       3       sun.awt.X11.XEvent::get_xclient (22 bytes)
Event: 5372.793 Thread 0x00007f6c980bc800 nmethod 1073 0x00007f6c893c2810 code [0x00007f6c893c29c0, 0x00007f6c893c2f78]
Event: 5373.199 Thread 0x00007f6c980bc800 1074       3       sun.awt.X11.XClientMessageEvent::<init> (30 bytes)
Event: 5373.200 Thread 0x00007f6c980bc800 nmethod 1074 0x00007f6c893c2110 code [0x00007f6c893c22a0, 0x00007f6c893c2648]
Event: 5387.771 Thread 0x00007f6c980bc800 1075       3       sun.awt.X11.XDnDDropTargetProtocol::getMessageType (59 bytes)
Event: 5387.831 Thread 0x00007f6c980bc800 nmethod 1075 0x00007f6c893c1190 code [0x00007f6c893c1380, 0x00007f6c893c1ca8]
Event: 5387.831 Thread 0x00007f6c980bc800 1076       3       sun.awt.X11.MotifDnDDropTargetProtocol::getMessageType (98 bytes)
Event: 5387.877 Thread 0x00007f6c980bc800 nmethod 1076 0x00007f6c893c3a10 code [0x00007f6c893c3c00, 0x00007f6c893c43d8]
Event: 5477.868 Thread 0x00007f6c980bc800 1077       1       sun.awt.X11.XEvent::getPData (5 bytes)
Event: 5477.869 Thread 0x00007f6c980bc800 nmethod 1077 0x00007f6c893bc5d0 code [0x00007f6c893bc720, 0x00007f6c893bc830]

GC Heap History (4 events):
Event: 18.178 GC heap before
{Heap before GC invocations=1 (full 0):
 PSYoungGen      total 18432K, used 15861K [0x00000000ebf80000, 0x00000000ed400000, 0x0000000100000000)
  eden space 15872K, 99% used [0x00000000ebf80000,0x00000000ecefd760,0x00000000ecf00000)
  from space 2560K, 0% used [0x00000000ed180000,0x00000000ed180000,0x00000000ed400000)
  to   space 2560K, 0% used [0x00000000ecf00000,0x00000000ecf00000,0x00000000ed180000)
 ParOldGen       total 42496K, used 0K [0x00000000c3e00000, 0x00000000c6780000, 0x00000000ebf80000)
  object space 42496K, 0% used [0x00000000c3e00000,0x00000000c3e00000,0x00000000c6780000)
 Metaspace       used 11731K, capacity 11930K, committed 12288K, reserved 1060864K
  class space    used 1386K, capacity 1477K, committed 1536K, reserved 1048576K
Event: 18.218 GC heap after
Heap after GC invocations=1 (full 0):
 PSYoungGen      total 18432K, used 1938K [0x00000000ebf80000, 0x00000000ed400000, 0x0000000100000000)
  eden space 15872K, 0% used [0x00000000ebf80000,0x00000000ebf80000,0x00000000ecf00000)
  from space 2560K, 75% used [0x00000000ecf00000,0x00000000ed0e4820,0x00000000ed180000)
  to   space 2560K, 0% used [0x00000000ed180000,0x00000000ed180000,0x00000000ed400000)
 ParOldGen       total 42496K, used 8K [0x00000000c3e00000, 0x00000000c6780000, 0x00000000ebf80000)
  object space 42496K, 0% used [0x00000000c3e00000,0x00000000c3e02000,0x00000000c6780000)
 Metaspace       used 11731K, capacity 11930K, committed 12288K, reserved 1060864K
  class space    used 1386K, capacity 1477K, committed 1536K, reserved 1048576K
}
Event: 18.259 GC heap before
{Heap before GC invocations=2 (full 0):
 PSYoungGen      total 18432K, used 17810K [0x00000000ebf80000, 0x00000000ed400000, 0x0000000100000000)
  eden space 15872K, 100% used [0x00000000ebf80000,0x00000000ecf00000,0x00000000ecf00000)
  from space 2560K, 75% used [0x00000000ecf00000,0x00000000ed0e4820,0x00000000ed180000)
  to   space 2560K, 0% used [0x00000000ed180000,0x00000000ed180000,0x00000000ed400000)
 ParOldGen       total 42496K, used 8K [0x00000000c3e00000, 0x00000000c6780000, 0x00000000ebf80000)
  object space 42496K, 0% used [0x00000000c3e00000,0x00000000c3e02000,0x00000000c6780000)
 Metaspace       used 11733K, capacity 11930K, committed 12288K, reserved 1060864K
  class space    used 1386K, capacity 1477K, committed 1536K, reserved 1048576K
Event: 18.293 GC heap after
Heap after GC invocations=2 (full 0):
 PSYoungGen      total 18432K, used 1924K [0x00000000ebf80000, 0x00000000ee380000, 0x0000000100000000)
  eden space 15872K, 0% used [0x00000000ebf80000,0x00000000ebf80000,0x00000000ecf00000)
  from space 2560K, 75% used [0x00000000ed180000,0x00000000ed361040,0x00000000ed400000)
  to   space 2560K, 0% used [0x00000000ecf00000,0x00000000ecf00000,0x00000000ed180000)
 ParOldGen       total 42496K, used 16K [0x00000000c3e00000, 0x00000000c6780000, 0x00000000ebf80000)
  object space 42496K, 0% used [0x00000000c3e00000,0x00000000c3e04000,0x00000000c6780000)
 Metaspace       used 11733K, capacity 11930K, committed 12288K, reserved 1060864K
  class space    used 1386K, capacity 1477K, committed 1536K, reserved 1048576K
}

Deoptimization events (4 events):
Event: 9.165 Thread 0x00007f6c40008800 Uncommon trap: reason=class_check action=maybe_recompile pc=0x00007f6c89166aa4 method=java.lang.String.equals(Ljava/lang/Object;)Z @ 8
Event: 9.165 Thread 0x00007f6c40008800 Uncommon trap: reason=class_check action=maybe_recompile pc=0x00007f6c89166aa4 method=java.lang.String.equals(Ljava/lang/Object;)Z @ 8
Event: 9.268 Thread 0x00007f6c40008800 Uncommon trap: reason=class_check action=maybe_recompile pc=0x00007f6c89166aa4 method=java.lang.String.equals(Ljava/lang/Object;)Z @ 8
Event: 9.268 Thread 0x00007f6c40008800 Uncommon trap: reason=class_check action=maybe_recompile pc=0x00007f6c89166aa4 method=java.lang.String.equals(Ljava/lang/Object;)Z @ 8

Internal exceptions (10 events):
Event: 0.439 Thread 0x00007f6c98009800 Exception <a 'java/lang/NoSuchMethodError': Method sun.misc.Unsafe.prefetchRead(Ljava/lang/Object;J)V name or signature does not match> (0x00000000ebf87f60) thrown at [/HUDSON3/workspace/8-2-build-linux-amd64/jdk8u111/7883/hotspot/src/share/vm/prims/jni.c
Event: 1.059 Thread 0x00007f6c98009800 Exception <a 'java/security/PrivilegedActionException'> (0x00000000ebff85d0) thrown at [/HUDSON3/workspace/8-2-build-linux-amd64/jdk8u111/7883/hotspot/src/share/vm/prims/jvm.cpp, line 1386]
Event: 1.060 Thread 0x00007f6c98009800 Exception <a 'java/security/PrivilegedActionException'> (0x00000000ebff87e0) thrown at [/HUDSON3/workspace/8-2-build-linux-amd64/jdk8u111/7883/hotspot/src/share/vm/prims/jvm.cpp, line 1386]
Event: 1.065 Thread 0x00007f6c98009800 Exception <a 'java/security/PrivilegedActionException'> (0x00000000ebffac20) thrown at [/HUDSON3/workspace/8-2-build-linux-amd64/jdk8u111/7883/hotspot/src/share/vm/prims/jvm.cpp, line 1386]
Event: 1.065 Thread 0x00007f6c98009800 Exception <a 'java/security/PrivilegedActionException'> (0x00000000ebffae30) thrown at [/HUDSON3/workspace/8-2-build-linux-amd64/jdk8u111/7883/hotspot/src/share/vm/prims/jvm.cpp, line 1386]
Event: 1.423 Thread 0x00007f6c98009800 Exception <a 'java/lang/NoSuchFieldError': method resolution failed> (0x00000000ec11ba70) thrown at [/HUDSON3/workspace/8-2-build-linux-amd64/jdk8u111/7883/hotspot/src/share/vm/prims/methodHandles.cpp, line 1146]
Event: 1.459 Thread 0x00007f6c98009800 Exception <a 'java/lang/NoSuchFieldError': method resolution failed> (0x00000000ec129240) thrown at [/HUDSON3/workspace/8-2-build-linux-amd64/jdk8u111/7883/hotspot/src/share/vm/prims/methodHandles.cpp, line 1146]
Event: 1.910 Thread 0x00007f6c98009800 Exception <a 'java/io/FileNotFoundException'> (0x00000000ec1a8cb8) thrown at [/HUDSON3/workspace/8-2-build-linux-amd64/jdk8u111/7883/hotspot/src/share/vm/prims/jni.cpp, line 709]
Event: 1.910 Thread 0x00007f6c98009800 Exception <a 'java/io/FileNotFoundException'> (0x00000000ec1a9688) thrown at [/HUDSON3/workspace/8-2-build-linux-amd64/jdk8u111/7883/hotspot/src/share/vm/prims/jni.cpp, line 709]
Event: 5.201 Thread 0x00007f6c40008800 Exception <a 'java/lang/UnsupportedOperationException': > (0x00000000ec4896c0) thrown at [/HUDSON3/workspace/8-2-build-linux-amd64/jdk8u111/7883/hotspot/src/share/vm/prims/jni.cpp, line 735]

Events (10 events):
Event: 19.807 loading class java/awt/LightweightDispatcher$2 done
Event: 26.172 loading class sun/awt/X11/XUnmapEvent
Event: 26.172 loading class sun/awt/X11/XUnmapEvent done
Event: 5826.016 loading class sun/misc/Signal$1
Event: 5827.042 loading class sun/misc/Signal$1 done
Event: 5827.837 Thread 0x00007f6c60001000 Thread added: 0x00007f6c60001000
Event: 5828.293 Thread 0x00007f6c30001000 Thread added: 0x00007f6c30001000
Event: 5828.293 loading class sun/awt/X11/XSystemTrayPeer
Event: 5830.207 Thread 0x00007f6c60002800 Thread added: 0x00007f6c60002800
Event: 5830.209 Thread 0x00007f6c60004800 Thread added: 0x00007f6c60004800


Dynamic libraries:
00400000-00401000 r-xp 00000000 08:05 3317490                            /usr/lib/jvm/java-8-oracle/bin/java
00600000-00601000 rw-p 00000000 08:05 3317490                            /usr/lib/jvm/java-8-oracle/bin/java
01643000-01664000 rw-p 00000000 00:00 0                                  [heap]
c3e00000-c6780000 rw-p 00000000 00:00 0 
c6780000-ebf80000 ---p 00000000 00:00 0 
ebf80000-ee380000 rw-p 00000000 00:00 0 
ee380000-100000000 ---p 00000000 00:00 0 
100000000-100180000 rw-p 00000000 00:00 0 
100180000-140000000 ---p 00000000 00:00 0 
7f6c28000000-7f6c28021000 rw-p 00000000 00:00 0 
7f6c28021000-7f6c2c000000 ---p 00000000 00:00 0 
7f6c2c000000-7f6c2c021000 rw-p 00000000 00:00 0 
7f6c2c021000-7f6c30000000 ---p 00000000 00:00 0 
7f6c30000000-7f6c30021000 rw-p 00000000 00:00 0 
7f6c30021000-7f6c34000000 ---p 00000000 00:00 0 
7f6c34000000-7f6c34021000 rw-p 00000000 00:00 0 
7f6c34021000-7f6c38000000 ---p 00000000 00:00 0 
7f6c38000000-7f6c382a9000 rw-p 00000000 00:00 0 
7f6c382a9000-7f6c3c000000 ---p 00000000 00:00 0 
7f6c3c000000-7f6c3c021000 rw-p 00000000 00:00 0 
7f6c3c021000-7f6c40000000 ---p 00000000 00:00 0 
7f6c40000000-7f6c40034000 rw-p 00000000 00:00 0 
7f6c40034000-7f6c44000000 ---p 00000000 00:00 0 
7f6c44000000-7f6c44021000 rw-p 00000000 00:00 0 
7f6c44021000-7f6c48000000 ---p 00000000 00:00 0 
7f6c48000000-7f6c48021000 rw-p 00000000 00:00 0 
7f6c48021000-7f6c4c000000 ---p 00000000 00:00 0 
7f6c4e328000-7f6c4e32b000 ---p 00000000 00:00 0 
7f6c4e32b000-7f6c4e429000 rw-p 00000000 00:00 0 
7f6c4e429000-7f6c4e42c000 ---p 00000000 00:00 0 
7f6c4e42c000-7f6c4e52a000 rw-p 00000000 00:00 0 
7f6c4e52a000-7f6c4e52d000 ---p 00000000 00:00 0 
7f6c4e52d000-7f6c4e62b000 rw-p 00000000 00:00 0 
7f6c4e62b000-7f6c4e62e000 ---p 00000000 00:00 0 
7f6c4e62e000-7f6c4e7ec000 rw-p 00000000 00:00 0 
7f6c4e7ec000-7f6c4e92c000 ---p 00000000 00:00 0 
7f6c4e92c000-7f6c4e92f000 ---p 00000000 00:00 0 
7f6c4e92f000-7f6c4ea2d000 rw-p 00000000 00:00 0 
7f6c4ea2d000-7f6c4ea30000 ---p 00000000 00:00 0 
7f6c4ea30000-7f6c4eb2e000 rw-p 00000000 00:00 0 
7f6c4eb2e000-7f6c4eb97000 r-xp 00000000 08:05 3302153                    /usr/lib/jvm/java-8-oracle/jre/lib/amd64/libt2k.so
7f6c4eb97000-7f6c4ed97000 ---p 00069000 08:05 3302153                    /usr/lib/jvm/java-8-oracle/jre/lib/amd64/libt2k.so
7f6c4ed97000-7f6c4ed9e000 rw-p 00069000 08:05 3302153                    /usr/lib/jvm/java-8-oracle/jre/lib/amd64/libt2k.so
7f6c4ed9e000-7f6c4edae000 rw-p 00000000 00:00 0 
7f6c4edae000-7f6c4edbf000 r-xp 00000000 08:05 3299462                    /usr/lib/jvm/java-8-oracle/jre/lib/amd64/libnio.so
7f6c4edbf000-7f6c4efbe000 ---p 00011000 08:05 3299462                    /usr/lib/jvm/java-8-oracle/jre/lib/amd64/libnio.so
7f6c4efbe000-7f6c4efbf000 rw-p 00010000 08:05 3299462                    /usr/lib/jvm/java-8-oracle/jre/lib/amd64/libnio.so
7f6c4efbf000-7f6c4f2c0000 rw-p 00000000 00:00 0 
7f6c4f2c0000-7f6c4f2d6000 r-xp 00000000 08:05 3295366                    /usr/lib/jvm/java-8-oracle/jre/lib/amd64/libnet.so
7f6c4f2d6000-7f6c4f4d6000 ---p 00016000 08:05 3295366                    /usr/lib/jvm/java-8-oracle/jre/lib/amd64/libnet.so
7f6c4f4d6000-7f6c4f4d7000 rw-p 00016000 08:05 3295366                    /usr/lib/jvm/java-8-oracle/jre/lib/amd64/libnet.so
7f6c4f4d7000-7f6c4f4da000 ---p 00000000 00:00 0 
7f6c4f4da000-7f6c4f7d8000 rw-p 00000000 00:00 0 
7f6c4f7d8000-7f6c4f7db000 ---p 00000000 00:00 0 
7f6c4f7db000-7f6c4f8d9000 rw-p 00000000 00:00 0 
7f6c4f8d9000-7f6c4f8de000 r-xp 00000000 08:05 3021558                    /usr/lib/x86_64-linux-gnu/libXfixes.so.3.1.0
7f6c4f8de000-7f6c4fadd000 ---p 00005000 08:05 3021558                    /usr/lib/x86_64-linux-gnu/libXfixes.so.3.1.0
7f6c4fadd000-7f6c4fade000 r--p 00004000 08:05 3021558                    /usr/lib/x86_64-linux-gnu/libXfixes.so.3.1.0
7f6c4fade000-7f6c4fadf000 rw-p 00005000 08:05 3021558                    /usr/lib/x86_64-linux-gnu/libXfixes.so.3.1.0
7f6c4fadf000-7f6c4fae8000 r-xp 00000000 08:05 3021550                    /usr/lib/x86_64-linux-gnu/libXcursor.so.1.0.2
7f6c4fae8000-7f6c4fce7000 ---p 00009000 08:05 3021550                    /usr/lib/x86_64-linux-gnu/libXcursor.so.1.0.2
7f6c4fce7000-7f6c4fce8000 r--p 00008000 08:05 3021550                    /usr/lib/x86_64-linux-gnu/libXcursor.so.1.0.2
7f6c4fce8000-7f6c4fce9000 rw-p 00009000 08:05 3021550                    /usr/lib/x86_64-linux-gnu/libXcursor.so.1.0.2
7f6c4fce9000-7f6c4fcec000 ---p 00000000 00:00 0 
7f6c4fcec000-7f6c4fdea000 rw-p 00000000 00:00 0 
7f6c4fdea000-7f6c4fe00000 r-xp 00000000 08:05 2626084                    /lib/x86_64-linux-gnu/libgcc_s.so.1
7f6c4fe00000-7f6c4ffff000 ---p 00016000 08:05 2626084                    /lib/x86_64-linux-gnu/libgcc_s.so.1
7f6c4ffff000-7f6c50000000 rw-p 00015000 08:05 2626084                    /lib/x86_64-linux-gnu/libgcc_s.so.1
7f6c50000000-7f6c50021000 rw-p 00000000 00:00 0 
7f6c50021000-7f6c54000000 ---p 00000000 00:00 0 
7f6c54000000-7f6c54021000 rw-p 00000000 00:00 0 
7f6c54021000-7f6c58000000 ---p 00000000 00:00 0 
7f6c58000000-7f6c5805c000 rw-p 00000000 00:00 0 
7f6c5805c000-7f6c5c000000 ---p 00000000 00:00 0 
7f6c5c000000-7f6c5c786000 rw-p 00000000 00:00 0 
7f6c5c786000-7f6c60000000 ---p 00000000 00:00 0 
7f6c60000000-7f6c60021000 rw-p 00000000 00:00 0 
7f6c60021000-7f6c64000000 ---p 00000000 00:00 0 
7f6c64000000-7f6c64178000 rw-p 00000000 00:00 0 
7f6c64178000-7f6c68000000 ---p 00000000 00:00 0 
7f6c68000000-7f6c68021000 rw-p 00000000 00:00 0 
7f6c68021000-7f6c6c000000 ---p 00000000 00:00 0 
7f6c6c000000-7f6c6c021000 rw-p 00000000 00:00 0 
7f6c6c021000-7f6c70000000 ---p 00000000 00:00 0 
7f6c70000000-7f6c70021000 rw-p 00000000 00:00 0 
7f6c70021000-7f6c74000000 ---p 00000000 00:00 0 
7f6c74000000-7f6c74021000 rw-p 00000000 00:00 0 
7f6c74021000-7f6c78000000 ---p 00000000 00:00 0 
7f6c78000000-7f6c78021000 rw-p 00000000 00:00 0 
7f6c78021000-7f6c7c000000 ---p 00000000 00:00 0 
7f6c7c000000-7f6c7c021000 rw-p 00000000 00:00 0 
7f6c7c021000-7f6c80000000 ---p 00000000 00:00 0 
7f6c80000000-7f6c80021000 rw-p 00000000 00:00 0 
7f6c80021000-7f6c84000000 ---p 00000000 00:00 0 
7f6c8407f000-7f6c840e4000 r-xp 00000000 08:05 3295385                    /usr/lib/jvm/java-8-oracle/jre/lib/amd64/libfontmanager.so
7f6c840e4000-7f6c842e3000 ---p 00065000 08:05 3295385                    /usr/lib/jvm/java-8-oracle/jre/lib/amd64/libfontmanager.so
7f6c842e3000-7f6c842e8000 rw-p 00064000 08:05 3295385                    /usr/lib/jvm/java-8-oracle/jre/lib/amd64/libfontmanager.so
7f6c842e8000-7f6c842f8000 rw-p 00000000 00:00 0 
7f6c842f8000-7f6c842fd000 r-xp 00000000 08:05 3021554                    /usr/lib/x86_64-linux-gnu/libXdmcp.so.6.0.0
7f6c842fd000-7f6c844fc000 ---p 00005000 08:05 3021554                    /usr/lib/x86_64-linux-gnu/libXdmcp.so.6.0.0
7f6c844fc000-7f6c844fd000 r--p 00004000 08:05 3021554                    /usr/lib/x86_64-linux-gnu/libXdmcp.so.6.0.0
7f6c844fd000-7f6c844fe000 rw-p 00005000 08:05 3021554                    /usr/lib/x86_64-linux-gnu/libXdmcp.so.6.0.0
7f6c844fe000-7f6c84500000 r-xp 00000000 08:05 3021543                    /usr/lib/x86_64-linux-gnu/libXau.so.6.0.0
7f6c84500000-7f6c84700000 ---p 00002000 08:05 3021543                    /usr/lib/x86_64-linux-gnu/libXau.so.6.0.0
7f6c84700000-7f6c84701000 r--p 00002000 08:05 3021543                    /usr/lib/x86_64-linux-gnu/libXau.so.6.0.0
7f6c84701000-7f6c84702000 rw-p 00003000 08:05 3021543                    /usr/lib/x86_64-linux-gnu/libXau.so.6.0.0
7f6c84702000-7f6c84723000 r-xp 00000000 08:05 3022921                    /usr/lib/x86_64-linux-gnu/libxcb.so.1.1.0
7f6c84723000-7f6c84922000 ---p 00021000 08:05 3022921                    /usr/lib/x86_64-linux-gnu/libxcb.so.1.1.0
7f6c84922000-7f6c84923000 r--p 00020000 08:05 3022921                    /usr/lib/x86_64-linux-gnu/libxcb.so.1.1.0
7f6c84923000-7f6c84924000 rw-p 00021000 08:05 3022921                    /usr/lib/x86_64-linux-gnu/libxcb.so.1.1.0
7f6c84924000-7f6c84933000 r-xp 00000000 08:05 3021564                    /usr/lib/x86_64-linux-gnu/libXi.so.6.1.0
7f6c84933000-7f6c84b32000 ---p 0000f000 08:05 3021564                    /usr/lib/x86_64-linux-gnu/libXi.so.6.1.0
7f6c84b32000-7f6c84b33000 r--p 0000e000 08:05 3021564                    /usr/lib/x86_64-linux-gnu/libXi.so.6.1.0
7f6c84b33000-7f6c84b34000 rw-p 0000f000 08:05 3021564                    /usr/lib/x86_64-linux-gnu/libXi.so.6.1.0
7f6c84b34000-7f6c84b39000 r-xp 00000000 08:05 3021582                    /usr/lib/x86_64-linux-gnu/libXtst.so.6.1.0
7f6c84b39000-7f6c84d38000 ---p 00005000 08:05 3021582                    /usr/lib/x86_64-linux-gnu/libXtst.so.6.1.0
7f6c84d38000-7f6c84d39000 r--p 00004000 08:05 3021582                    /usr/lib/x86_64-linux-gnu/libXtst.so.6.1.0
7f6c84d39000-7f6c84d3a000 rw-p 00005000 08:05 3021582                    /usr/lib/x86_64-linux-gnu/libXtst.so.6.1.0
7f6c84d3a000-7f6c84d43000 r-xp 00000000 08:05 3021576                    /usr/lib/x86_64-linux-gnu/libXrender.so.1.3.0
7f6c84d43000-7f6c84f42000 ---p 00009000 08:05 3021576                    /usr/lib/x86_64-linux-gnu/libXrender.so.1.3.0
7f6c84f42000-7f6c84f43000 r--p 00008000 08:05 3021576                    /usr/lib/x86_64-linux-gnu/libXrender.so.1.3.0
7f6c84f43000-7f6c84f44000 rw-p 00009000 08:05 3021576                    /usr/lib/x86_64-linux-gnu/libXrender.so.1.3.0
7f6c84f44000-7f6c85079000 r-xp 00000000 08:05 3021539                    /usr/lib/x86_64-linux-gnu/libX11.so.6.3.0
7f6c85079000-7f6c85279000 ---p 00135000 08:05 3021539                    /usr/lib/x86_64-linux-gnu/libX11.so.6.3.0
7f6c85279000-7f6c8527a000 r--p 00135000 08:05 3021539                    /usr/lib/x86_64-linux-gnu/libX11.so.6.3.0
7f6c8527a000-7f6c8527e000 rw-p 00136000 08:05 3021539                    /usr/lib/x86_64-linux-gnu/libX11.so.6.3.0
7f6c8527e000-7f6c8528f000 r-xp 00000000 08:05 3021556                    /usr/lib/x86_64-linux-gnu/libXext.so.6.4.0
7f6c8528f000-7f6c8548e000 ---p 00011000 08:05 3021556                    /usr/lib/x86_64-linux-gnu/libXext.so.6.4.0
7f6c8548e000-7f6c8548f000 r--p 00010000 08:05 3021556                    /usr/lib/x86_64-linux-gnu/libXext.so.6.4.0
7f6c8548f000-7f6c85490000 rw-p 00011000 08:05 3021556                    /usr/lib/x86_64-linux-gnu/libXext.so.6.4.0
7f6c854b7000-7f6c8550b000 r-xp 00000000 08:05 3299464                    /usr/lib/jvm/java-8-oracle/jre/lib/amd64/libawt_xawt.so
7f6c8550b000-7f6c8570b000 ---p 00054000 08:05 3299464                    /usr/lib/jvm/java-8-oracle/jre/lib/amd64/libawt_xawt.so
7f6c8570b000-7f6c8570f000 rw-p 00054000 08:05 3299464                    /usr/lib/jvm/java-8-oracle/jre/lib/amd64/libawt_xawt.so
7f6c8570f000-7f6c85710000 rw-p 00000000 00:00 0 
7f6c85710000-7f6c857b2000 r-xp 00000000 08:05 3302156                    /usr/lib/jvm/java-8-oracle/jre/lib/amd64/libawt.so
7f6c857b2000-7f6c859b2000 ---p 000a2000 08:05 3302156                    /usr/lib/jvm/java-8-oracle/jre/lib/amd64/libawt.so
7f6c859b2000-7f6c859be000 rw-p 000a2000 08:05 3302156                    /usr/lib/jvm/java-8-oracle/jre/lib/amd64/libawt.so
7f6c859be000-7f6c859e2000 rw-p 00000000 00:00 0 
7f6c859e2000-7f6c859e3000 ---p 00000000 00:00 0 
7f6c859e3000-7f6c85ae3000 rw-p 00000000 00:00 0 
7f6c85ae3000-7f6c85ae6000 ---p 00000000 00:00 0 
7f6c85ae6000-7f6c85be4000 rw-p 00000000 00:00 0 
7f6c85be4000-7f6c85be7000 ---p 00000000 00:00 0 
7f6c85be7000-7f6c85ce5000 rw-p 00000000 00:00 0 
7f6c85ce5000-7f6c85ce8000 ---p 00000000 00:00 0 
7f6c85ce8000-7f6c85de6000 rw-p 00000000 00:00 0 
7f6c85de6000-7f6c85de9000 ---p 00000000 00:00 0 
7f6c85de9000-7f6c85ee7000 rw-p 00000000 00:00 0 
7f6c85ee7000-7f6c85eea000 ---p 00000000 00:00 0 
7f6c85eea000-7f6c85fe8000 rw-p 00000000 00:00 0 
7f6c85fe8000-7f6c862c0000 r--p 00000000 08:05 3014881                    /usr/lib/locale/locale-archive
7f6c862c0000-7f6c862c3000 ---p 00000000 00:00 0 
7f6c862c3000-7f6c863c1000 rw-p 00000000 00:00 0 
7f6c863c1000-7f6c863c4000 ---p 00000000 00:00 0 
7f6c863c4000-7f6c864c2000 rw-p 00000000 00:00 0 
7f6c864c2000-7f6c864c3000 ---p 00000000 00:00 0 
7f6c864c3000-7f6c89000000 rw-p 00000000 00:00 0 
7f6c89000000-7f6c893d0000 rwxp 00000000 00:00 0 
7f6c893d0000-7f6c98000000 ---p 00000000 00:00 0 
7f6c98000000-7f6c98465000 rw-p 00000000 00:00 0 
7f6c98465000-7f6c9c000000 ---p 00000000 00:00 0 
7f6c9c01a000-7f6c9c3ae000 rw-p 00000000 00:00 0 
7f6c9c3ae000-7f6c9c586000 r--s 03d2a000 08:05 3159706                    /usr/lib/jvm/java-8-oracle/jre/lib/rt.jar
7f6c9c586000-7f6c9cfdd000 rw-p 00000000 00:00 0 
7f6c9cfdd000-7f6c9cfde000 ---p 00000000 00:00 0 
7f6c9cfde000-7f6c9d0de000 rw-p 00000000 00:00 0 
7f6c9d0de000-7f6c9d0df000 ---p 00000000 00:00 0 
7f6c9d0df000-7f6c9d1df000 rw-p 00000000 00:00 0 
7f6c9d1df000-7f6c9d1e0000 ---p 00000000 00:00 0 
7f6c9d1e0000-7f6c9d2e0000 rw-p 00000000 00:00 0 
7f6c9d2e0000-7f6c9d2e1000 ---p 00000000 00:00 0 
7f6c9d2e1000-7f6c9d3f6000 rw-p 00000000 00:00 0 
7f6c9d3f6000-7f6c9d522000 ---p 00000000 00:00 0 
7f6c9d522000-7f6c9d537000 rw-p 00000000 00:00 0 
7f6c9d537000-7f6c9d662000 ---p 00000000 00:00 0 
7f6c9d662000-7f6c9d675000 rw-p 00000000 00:00 0 
7f6c9d675000-7f6c9d703000 ---p 00000000 00:00 0 
7f6c9d703000-7f6c9d714000 rw-p 00000000 00:00 0 
7f6c9d714000-7f6c9dac4000 ---p 00000000 00:00 0 
7f6c9dac4000-7f6c9dade000 r-xp 00000000 08:05 3299460                    /usr/lib/jvm/java-8-oracle/jre/lib/amd64/libzip.so
7f6c9dade000-7f6c9dcde000 ---p 0001a000 08:05 3299460                    /usr/lib/jvm/java-8-oracle/jre/lib/amd64/libzip.so
7f6c9dcde000-7f6c9dcdf000 rw-p 0001a000 08:05 3299460                    /usr/lib/jvm/java-8-oracle/jre/lib/amd64/libzip.so
7f6c9dcdf000-7f6c9dcea000 r-xp 00000000 08:05 2627239                    /lib/x86_64-linux-gnu/libnss_files-2.23.so
7f6c9dcea000-7f6c9dee9000 ---p 0000b000 08:05 2627239                    /lib/x86_64-linux-gnu/libnss_files-2.23.so
7f6c9dee9000-7f6c9deea000 r--p 0000a000 08:05 2627239                    /lib/x86_64-linux-gnu/libnss_files-2.23.so
7f6c9deea000-7f6c9deeb000 rw-p 0000b000 08:05 2627239                    /lib/x86_64-linux-gnu/libnss_files-2.23.so
7f6c9deeb000-7f6c9def1000 rw-p 00000000 00:00 0 
7f6c9def1000-7f6c9defc000 r-xp 00000000 08:05 2627233                    /lib/x86_64-linux-gnu/libnss_nis-2.23.so
7f6c9defc000-7f6c9e0fb000 ---p 0000b000 08:05 2627233                    /lib/x86_64-linux-gnu/libnss_nis-2.23.so
7f6c9e0fb000-7f6c9e0fc000 r--p 0000a000 08:05 2627233                    /lib/x86_64-linux-gnu/libnss_nis-2.23.so
7f6c9e0fc000-7f6c9e0fd000 rw-p 0000b000 08:05 2627233                    /lib/x86_64-linux-gnu/libnss_nis-2.23.so
7f6c9e0fd000-7f6c9e113000 r-xp 00000000 08:05 2626214                    /lib/x86_64-linux-gnu/libnsl-2.23.so
7f6c9e113000-7f6c9e312000 ---p 00016000 08:05 2626214                    /lib/x86_64-linux-gnu/libnsl-2.23.so
7f6c9e312000-7f6c9e313000 r--p 00015000 08:05 2626214                    /lib/x86_64-linux-gnu/libnsl-2.23.so
7f6c9e313000-7f6c9e314000 rw-p 00016000 08:05 2626214                    /lib/x86_64-linux-gnu/libnsl-2.23.so
7f6c9e314000-7f6c9e316000 rw-p 00000000 00:00 0 
7f6c9e316000-7f6c9e31e000 r-xp 00000000 08:05 2626077                    /lib/x86_64-linux-gnu/libnss_compat-2.23.so
7f6c9e31e000-7f6c9e51d000 ---p 00008000 08:05 2626077                    /lib/x86_64-linux-gnu/libnss_compat-2.23.so
7f6c9e51d000-7f6c9e51e000 r--p 00007000 08:05 2626077                    /lib/x86_64-linux-gnu/libnss_compat-2.23.so
7f6c9e51e000-7f6c9e51f000 rw-p 00008000 08:05 2626077                    /lib/x86_64-linux-gnu/libnss_compat-2.23.so
7f6c9e51f000-7f6c9e54a000 r-xp 00000000 08:05 3302146                    /usr/lib/jvm/java-8-oracle/jre/lib/amd64/libjava.so
7f6c9e54a000-7f6c9e749000 ---p 0002b000 08:05 3302146                    /usr/lib/jvm/java-8-oracle/jre/lib/amd64/libjava.so
7f6c9e749000-7f6c9e74b000 rw-p 0002a000 08:05 3302146                    /usr/lib/jvm/java-8-oracle/jre/lib/amd64/libjava.so
7f6c9e74b000-7f6c9e758000 r-xp 00000000 08:05 3295367                    /usr/lib/jvm/java-8-oracle/jre/lib/amd64/libverify.so
7f6c9e758000-7f6c9e957000 ---p 0000d000 08:05 3295367                    /usr/lib/jvm/java-8-oracle/jre/lib/amd64/libverify.so
7f6c9e957000-7f6c9e959000 rw-p 0000c000 08:05 3295367                    /usr/lib/jvm/java-8-oracle/jre/lib/amd64/libverify.so
7f6c9e959000-7f6c9e960000 r-xp 00000000 08:05 2627257                    /lib/x86_64-linux-gnu/librt-2.23.so
7f6c9e960000-7f6c9eb5f000 ---p 00007000 08:05 2627257                    /lib/x86_64-linux-gnu/librt-2.23.so
7f6c9eb5f000-7f6c9eb60000 r--p 00006000 08:05 2627257                    /lib/x86_64-linux-gnu/librt-2.23.so
7f6c9eb60000-7f6c9eb61000 rw-p 00007000 08:05 2627257                    /lib/x86_64-linux-gnu/librt-2.23.so
7f6c9eb61000-7f6c9ec69000 r-xp 00000000 08:05 2627251                    /lib/x86_64-linux-gnu/libm-2.23.so
7f6c9ec69000-7f6c9ee68000 ---p 00108000 08:05 2627251                    /lib/x86_64-linux-gnu/libm-2.23.so
7f6c9ee68000-7f6c9ee69000 r--p 00107000 08:05 2627251                    /lib/x86_64-linux-gnu/libm-2.23.so
7f6c9ee69000-7f6c9ee6a000 rw-p 00108000 08:05 2627251                    /lib/x86_64-linux-gnu/libm-2.23.so
7f6c9ee6a000-7f6c9fb37000 r-xp 00000000 08:05 3302150                    /usr/lib/jvm/java-8-oracle/jre/lib/amd64/server/libjvm.so
7f6c9fb37000-7f6c9fd36000 ---p 00ccd000 08:05 3302150                    /usr/lib/jvm/java-8-oracle/jre/lib/amd64/server/libjvm.so
7f6c9fd36000-7f6c9fe0f000 rw-p 00ccc000 08:05 3302150                    /usr/lib/jvm/java-8-oracle/jre/lib/amd64/server/libjvm.so
7f6c9fe0f000-7f6c9fe5a000 rw-p 00000000 00:00 0 
7f6c9fe5a000-7f6ca0019000 r-xp 00000000 08:05 2627267                    /lib/x86_64-linux-gnu/libc-2.23.so
7f6ca0019000-7f6ca0219000 ---p 001bf000 08:05 2627267                    /lib/x86_64-linux-gnu/libc-2.23.so
7f6ca0219000-7f6ca021d000 r--p 001bf000 08:05 2627267                    /lib/x86_64-linux-gnu/libc-2.23.so
7f6ca021d000-7f6ca021f000 rw-p 001c3000 08:05 2627267                    /lib/x86_64-linux-gnu/libc-2.23.so
7f6ca021f000-7f6ca0223000 rw-p 00000000 00:00 0 
7f6ca0223000-7f6ca0226000 r-xp 00000000 08:05 2627269                    /lib/x86_64-linux-gnu/libdl-2.23.so
7f6ca0226000-7f6ca0425000 ---p 00003000 08:05 2627269                    /lib/x86_64-linux-gnu/libdl-2.23.so
7f6ca0425000-7f6ca0426000 r--p 00002000 08:05 2627269                    /lib/x86_64-linux-gnu/libdl-2.23.so
7f6ca0426000-7f6ca0427000 rw-p 00003000 08:05 2627269                    /lib/x86_64-linux-gnu/libdl-2.23.so
7f6ca0427000-7f6ca043c000 r-xp 00000000 08:05 2894809                    /usr/lib/jvm/java-8-oracle/lib/amd64/jli/libjli.so
7f6ca043c000-7f6ca063c000 ---p 00015000 08:05 2894809                    /usr/lib/jvm/java-8-oracle/lib/amd64/jli/libjli.so
7f6ca063c000-7f6ca063d000 rw-p 00015000 08:05 2894809                    /usr/lib/jvm/java-8-oracle/lib/amd64/jli/libjli.so
7f6ca063d000-7f6ca0655000 r-xp 00000000 08:05 2627265                    /lib/x86_64-linux-gnu/libpthread-2.23.so
7f6ca0655000-7f6ca0854000 ---p 00018000 08:05 2627265                    /lib/x86_64-linux-gnu/libpthread-2.23.so
7f6ca0854000-7f6ca0855000 r--p 00017000 08:05 2627265                    /lib/x86_64-linux-gnu/libpthread-2.23.so
7f6ca0855000-7f6ca0856000 rw-p 00018000 08:05 2627265                    /lib/x86_64-linux-gnu/libpthread-2.23.so
7f6ca0856000-7f6ca085a000 rw-p 00000000 00:00 0 
7f6ca085a000-7f6ca0880000 r-xp 00000000 08:05 2627259                    /lib/x86_64-linux-gnu/ld-2.23.so
7f6ca088c000-7f6ca0951000 rw-p 00000000 00:00 0 
7f6ca0951000-7f6ca0954000 ---p 00000000 00:00 0 
7f6ca0954000-7f6ca0a56000 rw-p 00000000 00:00 0 
7f6ca0a5b000-7f6ca0a60000 r--s 002f9000 08:05 3159702                    /usr/lib/jvm/java-8-oracle/jre/lib/charsets.jar
7f6ca0a60000-7f6ca0a73000 rw-p 00000000 00:00 0 
7f6ca0a73000-7f6ca0a7b000 rw-s 00000000 08:05 2752744                    /tmp/hsperfdata_hacker101/4434
7f6ca0a7b000-7f6ca0a7c000 rw-p 00000000 00:00 0 
7f6ca0a7c000-7f6ca0a7d000 r--p 00000000 00:00 0 
7f6ca0a7d000-7f6ca0a7f000 rw-p 00000000 00:00 0 
7f6ca0a7f000-7f6ca0a80000 r--p 00025000 08:05 2627259                    /lib/x86_64-linux-gnu/ld-2.23.so
7f6ca0a80000-7f6ca0a81000 rw-p 00026000 08:05 2627259                    /lib/x86_64-linux-gnu/ld-2.23.so
7f6ca0a81000-7f6ca0a82000 rw-p 00000000 00:00 0 
7ffe859b9000-7ffe859da000 rw-p 00000000 00:00 0                          [stack]
7ffe859f6000-7ffe859f8000 r--p 00000000 00:00 0                          [vvar]
7ffe859f8000-7ffe859fa000 r-xp 00000000 00:00 0                          [vdso]
ffffffffff600000-ffffffffff601000 r-xp 00000000 00:00 0                  [vsyscall]

VM Arguments:
jvm_args: -Dfile.encoding=UTF-8 
java_command: Application
java_class_path (initial): /home/hacker101/Programming/DataMining-Lab/Ariori Project/bin
Launcher Type: SUN_STANDARD

Environment Variables:
JAVA_HOME=/usr/lib/jvm/java-8-oracle
PATH=/usr/local/sbin:/usr/local/bin:/usr/sbin:/usr/bin:/sbin:/bin:/usr/games:/usr/local/games:/snap/bin:/usr/lib/jvm/java-8-oracle/bin:/usr/lib/jvm/java-8-oracle/db/bin:/usr/lib/jvm/java-8-oracle/jre/bin
SHELL=/usr/bin/zsh
DISPLAY=:0

Signal Handlers:
SIGSEGV: [libjvm.so+0xac64b0], sa_mask[0]=11111111011111111101111111111110, sa_flags=SA_RESTART|SA_SIGINFO
SIGBUS: [libjvm.so+0xac64b0], sa_mask[0]=11111111011111111101111111111110, sa_flags=SA_RESTART|SA_SIGINFO
SIGFPE: [libjvm.so+0x91f950], sa_mask[0]=11111111011111111101111111111110, sa_flags=SA_RESTART|SA_SIGINFO
SIGPIPE: [libjvm.so+0x91f950], sa_mask[0]=11111111011111111101111111111110, sa_flags=SA_RESTART|SA_SIGINFO
SIGXFSZ: [libjvm.so+0x91f950], sa_mask[0]=11111111011111111101111111111110, sa_flags=SA_RESTART|SA_SIGINFO
SIGILL: [libjvm.so+0x91f950], sa_mask[0]=11111111011111111101111111111110, sa_flags=SA_RESTART|SA_SIGINFO
SIGUSR1: SIG_DFL, sa_mask[0]=00000000000000000000000000000000, sa_flags=none
SIGUSR2: [libjvm.so+0x920f80], sa_mask[0]=00100000000000000000000000000000, sa_flags=SA_RESTART|SA_SIGINFO
SIGHUP: [libjvm.so+0x922380], sa_mask[0]=11111111011111111101111111111110, sa_flags=SA_RESTART|SA_SIGINFO
SIGINT: [libjvm.so+0x922380], sa_mask[0]=11111111011111111101111111111110, sa_flags=SA_RESTART|SA_SIGINFO
SIGTERM: [libjvm.so+0x922380], sa_mask[0]=11111111011111111101111111111110, sa_flags=SA_RESTART|SA_SIGINFO
SIGQUIT: [libjvm.so+0x922380], sa_mask[0]=11111111011111111101111111111110, sa_flags=SA_RESTART|SA_SIGINFO


---------------  S Y S T E M  ---------------

OS:DISTRIB_ID=Ubuntu
DISTRIB_RELEASE=16.04
DISTRIB_CODENAME=xenial
DISTRIB_DESCRIPTION="Ubuntu 16.04.1 LTS"

uname:Linux 4.4.0-28-generic #47-Ubuntu SMP Fri Jun 24 10:09:13 UTC 2016 x86_64
libc:glibc 2.23 NPTL 2.23 
rlimit: STACK 8192k, CORE 0k, NPROC 15238, NOFILE 65536, AS infinity
load average:12.31 3.54 1.83

/proc/meminfo:
MemTotal:        3939704 kB
MemFree:         1434032 kB
MemAvailable:    1647804 kB
Buffers:           23384 kB
Cached:           685664 kB
SwapCached:        69924 kB
Active:          1518604 kB
Inactive:         828020 kB
Active(anon):    1296020 kB
Inactive(anon):   651404 kB
Active(file):     222584 kB
Inactive(file):   176616 kB
Unevictable:          32 kB
Mlocked:              32 kB
SwapTotal:       9999356 kB
SwapFree:        8211620 kB
Dirty:               180 kB
Writeback:             0 kB
AnonPages:       1605872 kB
Mapped:           150704 kB
Shmem:            309444 kB
Slab:              80624 kB
SReclaimable:      40368 kB
SUnreclaim:        40256 kB
KernelStack:       10496 kB
PageTables:        28920 kB
NFS_Unstable:          0 kB
Bounce:                0 kB
WritebackTmp:          0 kB
CommitLimit:    11969208 kB
Committed_AS:    5845096 kB
VmallocTotal:   34359738367 kB
VmallocUsed:           0 kB
VmallocChunk:          0 kB
HardwareCorrupted:     0 kB
AnonHugePages:    950272 kB
CmaTotal:              0 kB
CmaFree:               0 kB
HugePages_Total:       0
HugePages_Free:        0
HugePages_Rsvd:        0
HugePages_Surp:        0
Hugepagesize:       2048 kB
DirectMap4k:      176896 kB
DirectMap2M:     3911680 kB


CPU:total 4 (2 cores per cpu, 2 threads per core) family 6 model 42 stepping 7, cmov, cx8, fxsr, mmx, sse, sse2, sse3, ssse3, sse4.1, sse4.2, popcnt, avx, clmul, ht, tsc, tscinvbit

/proc/cpuinfo:
processor	: 0
vendor_id	: GenuineIntel
cpu family	: 6
model		: 42
model name	: Intel(R) Core(TM) i3-2375M CPU @ 1.50GHz
stepping	: 7
microcode	: 0x29
cpu MHz		: 895.605
cache size	: 3072 KB
physical id	: 0
siblings	: 4
core id		: 0
cpu cores	: 2
apicid		: 0
initial apicid	: 0
fpu		: yes
fpu_exception	: yes
cpuid level	: 13
wp		: yes
flags		: fpu vme de pse tsc msr pae mce cx8 apic sep mtrr pge mca cmov pat pse36 clflush dts acpi mmx fxsr sse sse2 ss ht tm pbe syscall nx rdtscp lm constant_tsc arch_perfmon pebs bts rep_good nopl xtopology nonstop_tsc aperfmperf eagerfpu pni pclmulqdq dtes64 monitor ds_cpl vmx est tm2 ssse3 cx16 xtpr pdcm pcid sse4_1 sse4_2 x2apic popcnt tsc_deadline_timer xsave avx lahf_lm epb tpr_shadow vnmi flexpriority ept vpid xsaveopt dtherm arat pln pts
bugs		:
bogomips	: 2993.03
clflush size	: 64
cache_alignment	: 64
address sizes	: 36 bits physical, 48 bits virtual
power management:

processor	: 1
vendor_id	: GenuineIntel
cpu family	: 6
model		: 42
model name	: Intel(R) Core(TM) i3-2375M CPU @ 1.50GHz
stepping	: 7
microcode	: 0x29
cpu MHz		: 915.878
cache size	: 3072 KB
physical id	: 0
siblings	: 4
core id		: 0
cpu cores	: 2
apicid		: 1
initial apicid	: 1
fpu		: yes
fpu_exception	: yes
cpuid level	: 13
wp		: yes
flags		: fpu vme de pse tsc msr pae mce cx8 apic sep mtrr pge mca cmov pat pse36 clflush dts acpi mmx fxsr sse sse2 ss ht tm pbe syscall nx rdtscp lm constant_tsc arch_perfmon pebs bts rep_good nopl xtopology nonstop_tsc aperfmperf eagerfpu pni pclmulqdq dtes64 monitor ds_cpl vmx est tm2 ssse3 cx16 xtpr pdcm pcid sse4_1 sse4_2 x2apic popcnt tsc_deadline_timer xsave avx lahf_lm epb tpr_shadow vnmi flexpriority ept vpid xsaveopt dtherm arat pln pts
bugs		:
bogomips	: 2993.03
clflush size	: 64
cache_alignment	: 64
address sizes	: 36 bits physical, 48 bits virtual
power management:

processor	: 2
vendor_id	: GenuineIntel
cpu family	: 6
model		: 42
model name	: Intel(R) Core(TM) i3-2375M CPU @ 1.50GHz
stepping	: 7
microcode	: 0x29
cpu MHz		: 804.902
cache size	: 3072 KB
physical id	: 0
siblings	: 4
core id		: 1
cpu cores	: 2
apicid		: 2
initial apicid	: 2
fpu		: yes
fpu_exception	: yes
cpuid level	: 13
wp		: yes
flags		: fpu vme de pse tsc msr pae mce cx8 apic sep mtrr pge mca cmov pat pse36 clflush dts acpi mmx fxsr sse sse2 ss ht tm pbe syscall nx rdtscp lm constant_tsc arch_perfmon pebs bts rep_good nopl xtopology nonstop_tsc aperfmperf eagerfpu pni pclmulqdq dtes64 monitor ds_cpl vmx est tm2 ssse3 cx16 xtpr pdcm pcid sse4_1 sse4_2 x2apic popcnt tsc_deadline_timer xsave avx lahf_lm epb tpr_shadow vnmi flexpriority ept vpid xsaveopt dtherm arat pln pts
bugs		:
bogomips	: 2993.03
clflush size	: 64
cache_alignment	: 64
address sizes	: 36 bits physical, 48 bits virtual
power management:

processor	: 3
vendor_id	: GenuineIntel
cpu family	: 6
model		: 42
model name	: Intel(R) Core(TM) i3-2375M CPU @ 1.50GHz
stepping	: 7
microcode	: 0x29
cpu MHz		: 816.152
cache size	: 3072 KB
physical id	: 0
siblings	: 4
core id		: 1
cpu cores	: 2
apicid		: 3
initial apicid	: 3
fpu		: yes
fpu_exception	: yes
cpuid level	: 13
wp		: yes
flags		: fpu vme de pse tsc msr pae mce cx8 apic sep mtrr pge mca cmov pat pse36 clflush dts acpi mmx fxsr sse sse2 ss ht tm pbe syscall nx rdtscp lm constant_tsc arch_perfmon pebs bts rep_good nopl xtopology nonstop_tsc aperfmperf eagerfpu pni pclmulqdq dtes64 monitor ds_cpl vmx est tm2 ssse3 cx16 xtpr pdcm pcid sse4_1 sse4_2 x2apic popcnt tsc_deadline_timer xsave avx lahf_lm epb tpr_shadow vnmi flexpriority ept vpid xsaveopt dtherm arat pln pts
bugs		:
bogomips	: 2993.03
clflush size	: 64
cache_alignment	: 64
address sizes	: 36 bits physical, 48 bits virtual
power management:



Memory: 4k page, physical 3939704k(1434032k free), swap 9999356k(8211624k free)

vm_info: Java HotSpot(TM) 64-Bit Server VM (25.111-b14) for linux-amd64 JRE (1.8.0_111-b14), built on Sep 22 2016 16:14:03 by "java_re" with gcc 4.3.0 20080428 (Red Hat 4.3.0-8)

time: Wed Nov 30 02:32:22 2016
elapsed time: 5840 seconds (0d 1h 37m 20s)

